HgStepManager: executing from step 'hardMask' through step 'makeBed'.
HgStepManager: executing step 'hardMask' Sun Jan 17 23:59:33 2016.
# chmod a+x /hive/data/inside/ncbi/genomes/genbank/bacteria/Mycobacterium_marinum/latest_assembly_versions/GCA_000018345.1_ASM1834v1/cpg/doHardMask.bash
# ssh -x -o 'StrictHostKeyChecking = no' -o 'BatchMode = yes' hgwdev nice /hive/data/inside/ncbi/genomes/genbank/bacteria/Mycobacterium_marinum/latest_assembly_versions/GCA_000018345.1_ASM1834v1/cpg/doHardMask.bash
+ cd /hive/data/inside/ncbi/genomes/genbank/bacteria/Mycobacterium_marinum/latest_assembly_versions/GCA_000018345.1_ASM1834v1/cpg
+ rm -fr parts hardMaskedFa
+ mkdir hardMaskedFa
+ export twoBit=/hive/data/inside/ncbi/genomes/genbank/bacteria/Mycobacterium_marinum/latest_assembly_versions/GCA_000018345.1_ASM1834v1/GCA_000018345.1_ASM1834v1.ncbi.2bit
+ twoBit=/hive/data/inside/ncbi/genomes/genbank/bacteria/Mycobacterium_marinum/latest_assembly_versions/GCA_000018345.1_ASM1834v1/GCA_000018345.1_ASM1834v1.ncbi.2bit
++ sort -k2nr /hive/data/inside/ncbi/genomes/genbank/bacteria/Mycobacterium_marinum/latest_assembly_versions/GCA_000018345.1_ASM1834v1/GCA_000018345.1_ASM1834v1.ncbi.chrom.sizes
++ head -1
++ awk '{print $2}'
+ export maxSize=6636827
+ maxSize=6636827
+ /cluster/bin/scripts/partitionSequence.pl -lstDir parts 6636827 0 /hive/data/inside/ncbi/genomes/genbank/bacteria/Mycobacterium_marinum/latest_assembly_versions/GCA_000018345.1_ASM1834v1/GCA_000018345.1_ASM1834v1.ncbi.2bit /hive/data/inside/ncbi/genomes/genbank/bacteria/Mycobacterium_marinum/latest_assembly_versions/GCA_000018345.1_ASM1834v1/GCA_000018345.1_ASM1834v1.ncbi.chrom.sizes 30
+ for L in 'parts/part*.lst'
++ basename parts/part000.lst
++ sed -e 's/.lst//;'
+ B=part000
+ sed -e 's/.*.2bit://; s/:0-.*//;' parts/part000.lst
+ twoBitToFa -seqList=part000.list /hive/data/inside/ncbi/genomes/genbank/bacteria/Mycobacterium_marinum/latest_assembly_versions/GCA_000018345.1_ASM1834v1/GCA_000018345.1_ASM1834v1.ncbi.2bit stdout
+ maskOutFa stdin hard stdout
+ faToTwoBit stdin hardMaskedFa/part000.t.2bit
+ rm -f part000.list
+ twoBitToFa hardMaskedFa/part000.t.2bit stdout
+ faCount stdin
+ egrep -v '^total|^#seq'
+ awk '$2-$7 > 200 { printf "%s\n", $1}'
+ '[' -s part000.list ']'
+ faToTwoBit stdin hardMaskedFa/part000.2bit
+ twoBitToFa -seqList=part000.list hardMaskedFa/part000.t.2bit stdout
+ rm -f hardMaskedFa/part000.t.2bit part000.list
+ for L in 'parts/part*.lst'
++ basename parts/part001.lst
++ sed -e 's/.lst//;'
+ B=part001
+ sed -e 's/.*.2bit://; s/:0-.*//;' parts/part001.lst
+ maskOutFa stdin hard stdout
+ faToTwoBit stdin hardMaskedFa/part001.t.2bit
+ twoBitToFa -seqList=part001.list /hive/data/inside/ncbi/genomes/genbank/bacteria/Mycobacterium_marinum/latest_assembly_versions/GCA_000018345.1_ASM1834v1/GCA_000018345.1_ASM1834v1.ncbi.2bit stdout
+ rm -f part001.list
+ twoBitToFa hardMaskedFa/part001.t.2bit stdout
+ faCount stdin
+ egrep -v '^total|^#seq'
+ awk '$2-$7 > 200 { printf "%s\n", $1}'
+ '[' -s part001.list ']'
+ twoBitToFa -seqList=part001.list hardMaskedFa/part001.t.2bit stdout
+ faToTwoBit stdin hardMaskedFa/part001.2bit
+ rm -f hardMaskedFa/part001.t.2bit part001.list
+ date
HgStepManager: executing step 'cpg' Sun Jan 17 23:59:38 2016.
# chmod a+x /hive/data/inside/ncbi/genomes/genbank/bacteria/Mycobacterium_marinum/latest_assembly_versions/GCA_000018345.1_ASM1834v1/cpg/doCpg.csh
# ssh -x -o 'StrictHostKeyChecking = no' -o 'BatchMode = yes' ku nice /hive/data/inside/ncbi/genomes/genbank/bacteria/Mycobacterium_marinum/latest_assembly_versions/GCA_000018345.1_ASM1834v1/cpg/doCpg.csh
cd /hive/data/inside/ncbi/genomes/genbank/bacteria/Mycobacterium_marinum/latest_assembly_versions/GCA_000018345.1_ASM1834v1/cpg
mkdir -p results
chmod a+x runCpg.csh
rm -f file.list
find ./hardMaskedFa -type f
/parasol/bin/gensub2 file.list single gsub jobList
/parasol/bin/para make jobList
Checking input files
2 jobs written to /hive/data/inside/ncbi/genomes/genbank/bacteria/Mycobacterium_marinum/latest_assembly_versions/GCA_000018345.1_ASM1834v1/cpg/batch
2 jobs in batch
81153 jobs (including everybody's) in Parasol queue or running.
Checking finished jobs
updated job database on disk
Pushed Jobs: 2
================
Checking job status 0 minutes after launch
2 jobs in batch
81015 jobs (including everybody's) in Parasol queue or running.
Checking finished jobs
updated job database on disk
Successful batch!
/parasol/bin/para check
2 jobs in batch
81015 jobs (including everybody's) in Parasol queue or running.
Checking finished jobs
ranOk: 2
total jobs in batch: 2
/parasol/bin/para time
2 jobs in batch
81015 jobs (including everybody's) in Parasol queue or running.
Checking finished jobs
cat run.time
Completed: 2 of 2 jobs
CPU time in finished jobs:          0s       0.01m     0.00h    0.00d  0.000 y
IO & Wait Time:                     3s       0.04m     0.00h    0.00d  0.000 y
Average job time:                   2s       0.03m     0.00h    0.00d
Longest finished job:               3s       0.05m     0.00h    0.00d
Submission to last job:            14s       0.23m     0.00h    0.00d
Estimated complete:                 0s       0.00m     0.00h    0.00d
HgStepManager: executing step 'makeBed' Sun Jan 17 23:59:58 2016.
# chmod a+x /hive/data/inside/ncbi/genomes/genbank/bacteria/Mycobacterium_marinum/latest_assembly_versions/GCA_000018345.1_ASM1834v1/cpg/doMakeBed.csh
# ssh -x -o 'StrictHostKeyChecking = no' -o 'BatchMode = yes' hgwdev nice /hive/data/inside/ncbi/genomes/genbank/bacteria/Mycobacterium_marinum/latest_assembly_versions/GCA_000018345.1_ASM1834v1/cpg/doMakeBed.csh
cd /hive/data/inside/ncbi/genomes/genbank/bacteria/Mycobacterium_marinum/latest_assembly_versions/GCA_000018345.1_ASM1834v1/cpg
catDir -r results
awk {$2 = $2 - 1; width = $3 - $2;  printf("%s\t%d\t%s\t%s %s\t%s\t%s\t%0.0f\t%0.1f\t%s\t%s\n", $1, $2, $3, $5, $6, width, $6, width*$7*0.01, 100.0*2*$6/width, $7, $9);}
sort -k1,1 -k2,2n
bedToBigBed -tab -type=bed4+6 -as=/cluster/home/hiram/kent/src/hg/lib/cpgIslandExt.as cpgIsland.bed /hive/data/inside/ncbi/genomes/genbank/bacteria/Mycobacterium_marinum/latest_assembly_versions/GCA_000018345.1_ASM1834v1/GCA_000018345.1_ASM1834v1.ncbi.chrom.sizes GCA_000018345.1_ASM1834v1.cpgIslandExt.ncbi.bb
pass1 - making usageList (1 chroms): 1 millis
pass2 - checking and writing primary data (1 records, 10 fields): 1 millis

 *** All done !  Elapsed time: 0m29s

 *** All done!  (through the 'makeBed' step)
 *** Steps were performed in /hive/data/inside/ncbi/genomes/genbank/bacteria/Mycobacterium_marinum/latest_assembly_versions/GCA_000018345.1_ASM1834v1/cpg

